<?xml version="1.0" encoding="UTF-8"?>
<testng-results ignored="0" total="1" passed="1" failed="0" skipped="0">
  <reporter-output>
  </reporter-output>
  <suite started-at="2026-01-30T15:14:32 IST" name="Default suite" finished-at="2026-01-30T15:15:00 IST" duration-ms="28638">
    <groups>
    </groups>
    <test started-at="2026-01-30T15:14:32 IST" name="Default test" finished-at="2026-01-30T15:15:00 IST" duration-ms="28638">
      <class name="z4_jenkins.samplescript">
        <test-method signature="Test()[pri:0, instance:z4_jenkins.samplescript@4e08711f]" started-at="2026-01-30T15:14:32 IST" name="Test" finished-at="2026-01-30T15:15:00 IST" duration-ms="28583" status="PASS">
          <reporter-output>
          </reporter-output>
        </test-method> <!-- Test -->
      </class> <!-- z4_jenkins.samplescript -->
    </test> <!-- Default test -->
  </suite> <!-- Default suite -->
</testng-results>
